This is ApacheBench, Version 2.3 <$Revision: 1903618 $>
Copyright 1996 Adam Twiss, Zeus Technology Ltd, http://www.zeustech.net/
Licensed to The Apache Software Foundation, http://www.apache.org/

Benchmarking nginx (be patient)


Server Software:        nginx/1.25.3
Server Hostname:        nginx
Server Port:            80

Document Path:          /
Document Length:        180 bytes

Concurrency Level:      1000
Time taken for tests:   14.491 seconds
Complete requests:      30000
Failed requests:        0
Total transferred:      10170000 bytes
HTML transferred:       5400000 bytes
Requests per second:    2070.23 [#/sec] (mean)
Time per request:       483.038 [ms] (mean)
Time per request:       0.483 [ms] (mean, across all concurrent requests)
Transfer rate:          685.36 [Kbytes/sec] received

Connection Times (ms)
              min  mean[+/-sd] median   max
Connect:        0   42 195.0      1    1083
Processing:     7  432 176.9    424    1586
Waiting:        2  431 176.9    423    1586
Total:          7  474 274.1    433    2506

Percentage of the requests served within a certain time (ms)
  50%    433
  66%    497
  75%    530
  80%    566
  90%    701
  95%    914
  98%   1507
  99%   1697
 100%   2506 (longest request)
