This is ApacheBench, Version 2.3 <$Revision: 1903618 $>
Copyright 1996 Adam Twiss, Zeus Technology Ltd, http://www.zeustech.net/
Licensed to The Apache Software Foundation, http://www.apache.org/

Benchmarking nginx (be patient)


Server Software:        nginx/1.25.3
Server Hostname:        nginx
Server Port:            80

Document Path:          /
Document Length:        180 bytes

Concurrency Level:      1000
Time taken for tests:   15.416 seconds
Complete requests:      30000
Failed requests:        0
Total transferred:      10170000 bytes
HTML transferred:       5400000 bytes
Requests per second:    1945.98 [#/sec] (mean)
Time per request:       513.880 [ms] (mean)
Time per request:       0.514 [ms] (mean, across all concurrent requests)
Transfer rate:          644.23 [Kbytes/sec] received

Connection Times (ms)
              min  mean[+/-sd] median   max
Connect:        0  160 516.8      1    7147
Processing:    48  284 335.0    239    6630
Waiting:        2  283 335.1    238    6630
Total:         96  444 687.3    247    7949

Percentage of the requests served within a certain time (ms)
  50%    247
  66%    274
  75%    296
  80%    310
  90%   1252
  95%   1462
  98%   2737
  99%   3599
 100%   7949 (longest request)
