This is ApacheBench, Version 2.3 <$Revision: 1903618 $>
Copyright 1996 Adam Twiss, Zeus Technology Ltd, http://www.zeustech.net/
Licensed to The Apache Software Foundation, http://www.apache.org/

Benchmarking nginx (be patient)


Server Software:        nginx/1.25.3
Server Hostname:        nginx
Server Port:            80

Document Path:          /
Document Length:        180 bytes

Concurrency Level:      1000
Time taken for tests:   17.300 seconds
Complete requests:      30000
Failed requests:        0
Total transferred:      10170000 bytes
HTML transferred:       5400000 bytes
Requests per second:    1734.09 [#/sec] (mean)
Time per request:       576.672 [ms] (mean)
Time per request:       0.577 [ms] (mean, across all concurrent requests)
Transfer rate:          574.08 [Kbytes/sec] received

Connection Times (ms)
              min  mean[+/-sd] median   max
Connect:        0  159 488.3      2    7118
Processing:    45  320 493.5    262   13572
Waiting:        2  318 493.6    260   13572
Total:        107  479 820.6    271   16675

Percentage of the requests served within a certain time (ms)
  50%    271
  66%    306
  75%    332
  80%    344
  90%   1281
  95%   1522
  98%   2176
  99%   3390
 100%  16675 (longest request)
