This is ApacheBench, Version 2.3 <$Revision: 1903618 $>
Copyright 1996 Adam Twiss, Zeus Technology Ltd, http://www.zeustech.net/
Licensed to The Apache Software Foundation, http://www.apache.org/

Benchmarking nginx (be patient)


Server Software:        nginx/1.25.3
Server Hostname:        nginx
Server Port:            80

Document Path:          /
Document Length:        174 bytes

Concurrency Level:      1000
Time taken for tests:   27.751 seconds
Complete requests:      60000
Failed requests:        0
Total transferred:      19980000 bytes
HTML transferred:       10440000 bytes
Requests per second:    2162.06 [#/sec] (mean)
Time per request:       462.521 [ms] (mean)
Time per request:       0.463 [ms] (mean, across all concurrent requests)
Transfer rate:          703.09 [Kbytes/sec] received

Connection Times (ms)
              min  mean[+/-sd] median   max
Connect:        0   17 119.7      0    1079
Processing:     8  441 167.6    432    1603
Waiting:        2  440 167.6    432    1597
Total:          9  458 202.5    436    1804

Percentage of the requests served within a certain time (ms)
  50%    436
  66%    483
  75%    527
  80%    564
  90%    668
  95%    777
  98%   1012
  99%   1379
 100%   1804 (longest request)
