This is ApacheBench, Version 2.3 <$Revision: 1903618 $>
Copyright 1996 Adam Twiss, Zeus Technology Ltd, http://www.zeustech.net/
Licensed to The Apache Software Foundation, http://www.apache.org/

Benchmarking nginx (be patient)


Server Software:        nginx/1.25.3
Server Hostname:        nginx
Server Port:            80

Document Path:          /
Document Length:        174 bytes

Concurrency Level:      1000
Time taken for tests:   27.152 seconds
Complete requests:      60000
Failed requests:        0
Total transferred:      19980000 bytes
HTML transferred:       10440000 bytes
Requests per second:    2209.75 [#/sec] (mean)
Time per request:       452.539 [ms] (mean)
Time per request:       0.453 [ms] (mean, across all concurrent requests)
Transfer rate:          718.60 [Kbytes/sec] received

Connection Times (ms)
              min  mean[+/-sd] median   max
Connect:        0  161 455.9      1    7130
Processing:    57  271 241.6    235   13994
Waiting:        4  271 241.6    234   13992
Total:        113  433 569.4    243   15065

Percentage of the requests served within a certain time (ms)
  50%    243
  66%    277
  75%    301
  80%    321
  90%   1258
  95%   1454
  98%   2082
  99%   3083
 100%  15065 (longest request)
