This is ApacheBench, Version 2.3 <$Revision: 1903618 $>
Copyright 1996 Adam Twiss, Zeus Technology Ltd, http://www.zeustech.net/
Licensed to The Apache Software Foundation, http://www.apache.org/

Benchmarking nginx (be patient)


Server Software:        nginx/1.25.3
Server Hostname:        nginx
Server Port:            80

Document Path:          /
Document Length:        174 bytes

Concurrency Level:      1000
Time taken for tests:   28.853 seconds
Complete requests:      60000
Failed requests:        0
Total transferred:      19980000 bytes
HTML transferred:       10440000 bytes
Requests per second:    2079.51 [#/sec] (mean)
Time per request:       480.883 [ms] (mean)
Time per request:       0.481 [ms] (mean, across all concurrent requests)
Transfer rate:          676.25 [Kbytes/sec] received

Connection Times (ms)
              min  mean[+/-sd] median   max
Connect:        0  160 449.5      2    7143
Processing:    44  290 439.6    230   27057
Waiting:        2  288 439.6    228   27057
Total:        110  450 699.1    236   28103

Percentage of the requests served within a certain time (ms)
  50%    236
  66%    258
  75%    286
  80%    309
  90%   1264
  95%   1487
  98%   2100
  99%   3315
 100%  28103 (longest request)
